
1	1,"user1"
1	2,"user2"
1	3,"user3"
1	4,"user4"
1	5,"user5"
1	6,"user6"
1	7,"user7"
1	8,"user8"
1	9,"user9"
1	10,"user10"
1	11,"user11"
1	12,"user12"
1	13,"user13"
1	14,"user14"
1	15,"user15"
1	16,"user16"
1	17,"user17"
1	18,"user18"
1	19,"user19"
1	20,"user20"
1	21,"user21"
1	22,"user22"
1	23,"user23"
1	24,"user24"
1	25,"user25"
1	26,"user26"
1	27,"user27"
1	28,"user28"
1	29,"user29"
1	30,"user30"
1	31,"user31"
1	32,"user32"
1	33,"user33"
1	34,"user34"
1	35,"user35"
1	36,"user36"
1	37,"user37"
1	38,"user38"
1	39,"user39"
1	40,"user40"
1	41,"user41"
1	42,"user42"
1	43,"user43"
1	44,"user44"
1	45,"user45"
1	46,"user46"
1	47,"user47"
1	48,"user48"
1	49,"user49"
1	50,"user50"
1	51,"user51"
1	52,"user52"
1	53,"user53"
1	54,"user54"
1	55,"user55"
1	56,"user56"
1	57,"user57"
1	58,"user58"
1	59,"user59"
1	60,"user60"
1	61,"user61"
1	62,"user62"
1	63,"user63"
1	64,"user64"
1	65,"user65"
1	66,"user66"
1	67,"user67"
1	68,"user68"
1	69,"user69"
1	70,"user70"
1	71,"user71"
1	72,"user72"
1	73,"user73"
1	74,"user74"
1	75,"user75"
1	76,"user76"
1	77,"user77"
1	78,"user78"
1	79,"user79"
1	80,"user80"
1	81,"user81"
1	82,"user82"
1	83,"user83"
1	84,"user84"
1	85,"user85"
1	86,"user86"
1	87,"user87"
1	88,"user88"
1	89,"user89"
1	90,"user90"
1	91,"user91"
1	92,"user92"
1	93,"user93"
1	94,"user94"
1	95,"user95"
1	96,"user96"
1	97,"user97"
1	98,"user98"
1	99,"user99"
1	100,"user100"
1	101,"user101"
1	102,"user102"
1	103,"user103"
1	104,"user104"
1	105,"user105"
1	106,"user106"
1	107,"user107"
1	108,"user108"
1	109,"user109"
1	110,"user110"
1	111,"user111"
1	112,"user112"
1	113,"user113"
1	114,"user114"
1	115,"user115"
1	116,"user116"
1	117,"user117"
1	118,"user118"
1	119,"user119"
1	120,"user120"
1	121,"user121"
1	122,"user122"
1	123,"user123"
1	124,"user124"
1	125,"user125"
1	126,"user126"
1	127,"user127"
1	128,"user128"
1	129,"user129"
1	130,"user130"
1	131,"user131"
1	132,"user132"
1	133,"user133"
1	134,"user134"
1	135,"user135"
1	136,"user136"
1	137,"user137"
1	138,"user138"
1	139,"user139"
1	140,"user140"
1	141,"user141"
1	142,"user142"
1	143,"user143"
1	144,"user144"
1	145,"user145"
1	146,"user146"
1	147,"user147"
1	148,"user148"
1	149,"user149"
1	150,"user150"
1	151,"user151"
1	152,"user152"
1	153,"user153"
1	154,"user154"
1	155,"user155"
1	156,"user156"
1	157,"user157"
1	158,"user158"
1	159,"user159"
1	160,"user160"
1	161,"user161"
1	162,"user162"
1	163,"user163"
1	164,"user164"
1	165,"user165"
1	166,"user166"
1	167,"user167"
1	168,"user168"
1	169,"user169"
1	170,"user170"
1	171,"user171"
1	172,"user172"
1	173,"user173"
1	174,"user174"
1	175,"user175"
1	176,"user176"
1	177,"user177"
1	178,"user178"
1	179,"user179"
1	180,"user180"
1	181,"user181"
1	182,"user182"
1	183,"user183"
1	184,"user184"
1	185,"user185"
1	186,"user186"
1	187,"user187"
1	188,"user188"
1	189,"user189"
1	190,"user190"
1	191,"user191"
1	192,"user192"
1	193,"user193"
1	194,"user194"
1	195,"user195"
1	196,"user196"
1	197,"user197"
1	198,"user198"
1	199,"user199"
1	200,"user200"
1	201,"user201"
1	202,"user202"
1	203,"user203"
1	204,"user204"
1	205,"user205"
1	206,"user206"
1	207,"user207"
1	208,"user208"
1	209,"user209"
1	210,"user210"
1	211,"user211"
1	212,"user212"
1	213,"user213"
1	214,"user214"
1	215,"user215"
1	216,"user216"
1	217,"user217"
1	218,"user218"
1	219,"user219"
1	220,"user220"
1	221,"user221"
1	222,"user222"
1	223,"user223"
1	224,"user224"
1	225,"user225"
1	226,"user226"
1	227,"user227"
1	228,"user228"
1	229,"user229"
1	230,"user230"
1	231,"user231"
1	232,"user232"
1	233,"user233"
1	234,"user234"
1	235,"user235"
1	236,"user236"
1	237,"user237"
1	238,"user238"
1	239,"user239"
1	240,"user240"
1	241,"user241"
1	242,"user242"
1	243,"user243"
1	244,"user244"
1	245,"user245"
1	246,"user246"
1	247,"user247"
1	248,"user248"
1	249,"user249"
1	250,"user250"
1	251,"user251"
1	252,"user252"
1	253,"user253"
1	254,"user254"
1	255,"user255"
1	256,"user256"
1	257,"user257"
1	258,"user258"
1	259,"user259"
1	260,"user260"
1	261,"user261"
1	262,"user262"
1	263,"user263"
1	264,"user264"
1	265,"user265"
1	266,"user266"
1	267,"user267"
1	268,"user268"
1	269,"user269"
1	270,"user270"
1	271,"user271"
1	272,"user272"
1	273,"user273"
1	274,"user274"
1	275,"user275"
1	276,"user276"
1	277,"user277"
1	278,"user278"
1	279,"user279"
1	280,"user280"
1	281,"user281"
1	282,"user282"
1	283,"user283"
1	284,"user284"
1	285,"user285"
1	286,"user286"
1	287,"user287"
1	288,"user288"
1	289,"user289"
1	290,"user290"
1	291,"user291"
1	292,"user292"
1	293,"user293"
1	294,"user294"
1	295,"user295"
1	296,"user296"
1	297,"user297"
1	298,"user298"
1	299,"user299"
1	300,"user300"
1	301,"user301"
1	302,"user302"
1	303,"user303"
1	304,"user304"
1	305,"user305"
1	306,"user306"
1	307,"user307"
1	308,"user308"
1	309,"user309"
1	310,"user310"
1	311,"user311"
1	312,"user312"
1	313,"user313"
1	314,"user314"
1	315,"user315"
1	316,"user316"
1	317,"user317"
1	318,"user318"
1	319,"user319"
1	320,"user320"
1	321,"user321"
1	322,"user322"
1	323,"user323"
1	324,"user324"
1	325,"user325"
1	326,"user326"
1	327,"user327"
1	328,"user328"
1	329,"user329"
1	330,"user330"
1	331,"user331"
1	332,"user332"
1	333,"user333"
1	334,"user334"
1	335,"user335"
1	336,"user336"
1	337,"user337"
1	338,"user338"
1	339,"user339"
1	340,"user340"
1	341,"user341"
1	342,"user342"
1	343,"user343"
1	344,"user344"
1	345,"user345"
1	346,"user346"
1	347,"user347"
1	348,"user348"
1	349,"user349"
1	350,"user350"
1	351,"user351"
1	352,"user352"
1	353,"user353"
1	354,"user354"
1	355,"user355"
1	356,"user356"
1	357,"user357"
1	358,"user358"
1	359,"user359"
1	360,"user360"
1	361,"user361"
1	362,"user362"
1	363,"user363"
1	364,"user364"
1	365,"user365"
1	366,"user366"
1	367,"user367"
1	368,"user368"
1	369,"user369"
1	370,"user370"
1	371,"user371"
1	372,"user372"
1	373,"user373"
1	374,"user374"
1	375,"user375"
1	376,"user376"
1	377,"user377"
1	378,"user378"
1	379,"user379"
1	380,"user380"
1	381,"user381"
1	382,"user382"
1	383,"user383"
1	384,"user384"
1	385,"user385"
1	386,"user386"
1	387,"user387"
1	388,"user388"
1	389,"user389"
1	390,"user390"
1	391,"user391"
1	392,"user392"
1	393,"user393"
1	394,"user394"
1	395,"user395"
1	396,"user396"
1	397,"user397"
1	398,"user398"
1	399,"user399"
1	400,"user400"
1	401,"user401"
1	402,"user402"
1	403,"user403"
1	404,"user404"
1	405,"user405"
1	406,"user406"
1	407,"user407"
1	408,"user408"
1	409,"user409"
1	410,"user410"
1	411,"user411"
1	412,"user412"
1	413,"user413"
1	414,"user414"
1	415,"user415"
1	416,"user416"
1	417,"user417"
1	418,"user418"
1	419,"user419"
1	420,"user420"
1	421,"user421"
1	422,"user422"
1	423,"user423"
1	424,"user424"
1	425,"user425"
1	426,"user426"
1	427,"user427"
1	428,"user428"
1	429,"user429"
1	430,"user430"
1	431,"user431"
1	432,"user432"
1	433,"user433"
1	434,"user434"
1	435,"user435"
1	436,"user436"
1	437,"user437"
1	438,"user438"
1	439,"user439"
1	440,"user440"
1	441,"user441"
1	442,"user442"
1	443,"user443"
1	444,"user444"
1	445,"user445"
1	446,"user446"
1	447,"user447"
1	448,"user448"
1	449,"user449"
1	450,"user450"
1	451,"user451"
1	452,"user452"
1	453,"user453"
1	454,"user454"
1	455,"user455"
1	456,"user456"
1	457,"user457"
1	458,"user458"
1	459,"user459"
1	460,"user460"
1	461,"user461"
1	462,"user462"
1	463,"user463"
1	464,"user464"
1	465,"user465"
1	466,"user466"
1	467,"user467"
1	468,"user468"
1	469,"user469"
1	470,"user470"
1	471,"user471"
1	472,"user472"
1	473,"user473"
1	474,"user474"
1	475,"user475"
1	476,"user476"
1	477,"user477"
1	478,"user478"
1	479,"user479"
1	480,"user480"
1	481,"user481"
1	482,"user482"
1	483,"user483"
1	484,"user484"
1	485,"user485"
1	486,"user486"
1	487,"user487"
1	488,"user488"
1	489,"user489"
1	490,"user490"
1	491,"user491"
1	492,"user492"
1	493,"user493"
1	494,"user494"
1	495,"user495"
1	496,"user496"
1	497,"user497"
1	498,"user498"
1	499,"user499"
1	500,"user500"
1	501,"user501"
1	502,"user502"
1	503,"user503"
1	504,"user504"
1	505,"user505"
1	506,"user506"
1	507,"user507"
1	508,"user508"
1	509,"user509"
1	510,"user510"
1	511,"user511"
1	512,"user512"
1	513,"user513"
1	514,"user514"
1	515,"user515"
1	516,"user516"
1	517,"user517"
1	518,"user518"
1	519,"user519"
1	520,"user520"
1	521,"user521"
1	522,"user522"
1	523,"user523"
1	524,"user524"
1	525,"user525"
1	526,"user526"
1	527,"user527"
1	528,"user528"
1	529,"user529"
1	530,"user530"
1	531,"user531"
1	532,"user532"
1	533,"user533"
1	534,"user534"
1	535,"user535"
1	536,"user536"
1	537,"user537"
1	538,"user538"
1	539,"user539"
1	540,"user540"
1	541,"user541"
1	542,"user542"
1	543,"user543"
1	544,"user544"
1	545,"user545"
1	546,"user546"
1	547,"user547"
1	548,"user548"
1	549,"user549"
1	550,"user550"
1	551,"user551"
1	552,"user552"
1	553,"user553"
1	554,"user554"
1	555,"user555"
1	556,"user556"
1	557,"user557"
1	558,"user558"
1	559,"user559"
1	560,"user560"
1	561,"user561"
1	562,"user562"
1	563,"user563"
1	564,"user564"
1	565,"user565"
1	566,"user566"
1	567,"user567"
1	568,"user568"
1	569,"user569"
1	570,"user570"
1	571,"user571"
1	572,"user572"
1	573,"user573"
1	574,"user574"
1	575,"user575"
1	576,"user576"
1	577,"user577"
1	578,"user578"
1	579,"user579"
1	580,"user580"
1	581,"user581"
1	582,"user582"
1	583,"user583"
1	584,"user584"
1	585,"user585"
1	586,"user586"
1	587,"user587"
1	588,"user588"
1	589,"user589"
1	590,"user590"
1	591,"user591"
1	592,"user592"
1	593,"user593"
1	594,"user594"
1	595,"user595"
1	596,"user596"
1	597,"user597"
1	598,"user598"
1	599,"user599"
1	600,"user600"
1	601,"user601"
1	602,"user602"
1	603,"user603"
1	604,"user604"
1	605,"user605"
1	606,"user606"
1	607,"user607"
1	608,"user608"
1	609,"user609"
1	610,"user610"
1	611,"user611"
1	612,"user612"
1	613,"user613"
1	614,"user614"
1	615,"user615"
1	616,"user616"
1	617,"user617"
1	618,"user618"
1	619,"user619"
1	620,"user620"
1	621,"user621"
1	622,"user622"
1	623,"user623"
1	624,"user624"
1	625,"user625"
1	626,"user626"
1	627,"user627"
1	628,"user628"
1	629,"user629"
1	630,"user630"
1	631,"user631"
1	632,"user632"
1	633,"user633"
1	634,"user634"
1	635,"user635"
1	636,"user636"
1	637,"user637"
1	638,"user638"
1	639,"user639"
1	640,"user640"
1	641,"user641"
1	642,"user642"
1	643,"user643"
1	644,"user644"
1	645,"user645"
1	646,"user646"
1	647,"user647"
1	648,"user648"
1	649,"user649"
1	650,"user650"
1	651,"user651"
1	652,"user652"
1	653,"user653"
1	654,"user654"
1	655,"user655"
1	656,"user656"
1	657,"user657"
1	658,"user658"
1	659,"user659"
1	660,"user660"
1	661,"user661"
1	662,"user662"
1	663,"user663"
1	664,"user664"
1	665,"user665"
1	666,"user666"
1	667,"user667"
1	668,"user668"
1	669,"user669"
1	670,"user670"
1	671,"user671"
1	672,"user672"
1	673,"user673"
1	674,"user674"
1	675,"user675"
1	676,"user676"
1	677,"user677"
1	678,"user678"
1	679,"user679"
1	680,"user680"
1	681,"user681"
1	682,"user682"
1	683,"user683"
1	684,"user684"
1	685,"user685"
1	686,"user686"
1	687,"user687"
1	688,"user688"
1	689,"user689"
1	690,"user690"
1	691,"user691"
1	692,"user692"
1	693,"user693"
1	694,"user694"
1	695,"user695"
1	696,"user696"
1	697,"user697"
1	698,"user698"
1	699,"user699"
1	700,"user700"
1	701,"user701"
1	702,"user702"
1	703,"user703"
1	704,"user704"
1	705,"user705"
1	706,"user706"
1	707,"user707"
1	708,"user708"
1	709,"user709"
1	710,"user710"
1	711,"user711"
1	712,"user712"
1	713,"user713"
1	714,"user714"
1	715,"user715"
1	716,"user716"
1	717,"user717"
1	718,"user718"
1	719,"user719"
1	720,"user720"
1	721,"user721"
1	722,"user722"
1	723,"user723"
1	724,"user724"
1	725,"user725"
1	726,"user726"
1	727,"user727"
1	728,"user728"
1	729,"user729"
1	730,"user730"
1	731,"user731"
1	732,"user732"
1	733,"user733"
1	734,"user734"
1	735,"user735"
1	736,"user736"
1	737,"user737"
1	738,"user738"
1	739,"user739"
1	740,"user740"
1	741,"user741"
1	742,"user742"
1	743,"user743"
1	744,"user744"
1	745,"user745"
1	746,"user746"
1	747,"user747"
1	748,"user748"
1	749,"user749"
1	750,"user750"
1	751,"user751"
1	752,"user752"
1	753,"user753"
1	754,"user754"
1	755,"user755"
1	756,"user756"
1	757,"user757"
1	758,"user758"
1	759,"user759"
1	760,"user760"
1	761,"user761"
1	762,"user762"
1	763,"user763"
1	764,"user764"
1	765,"user765"
1	766,"user766"
1	767,"user767"
1	768,"user768"
1	769,"user769"
1	770,"user770"
1	771,"user771"
1	772,"user772"
1	773,"user773"
1	774,"user774"
1	775,"user775"
1	776,"user776"
1	777,"user777"
1	778,"user778"
1	779,"user779"
1	780,"user780"
1	781,"user781"
1	782,"user782"
1	783,"user783"
1	784,"user784"
1	785,"user785"
1	786,"user786"
1	787,"user787"
1	788,"user788"
1	789,"user789"
1	790,"user790"
1	791,"user791"
1	792,"user792"
1	793,"user793"
1	794,"user794"
1	795,"user795"
1	796,"user796"
1	797,"user797"
1	798,"user798"
1	799,"user799"
1	800,"user800"
1	801,"user801"
1	802,"user802"
1	803,"user803"
1	804,"user804"
1	805,"user805"
1	806,"user806"
1	807,"user807"
1	808,"user808"
1	809,"user809"
1	810,"user810"
1	811,"user811"
1	812,"user812"
1	813,"user813"
1	814,"user814"
1	815,"user815"
1	816,"user816"
1	817,"user817"
1	818,"user818"
1	819,"user819"
1	820,"user820"
1	821,"user821"
1	822,"user822"
1	823,"user823"
1	824,"user824"
1	825,"user825"
1	826,"user826"
1	827,"user827"
1	828,"user828"
1	829,"user829"
1	830,"user830"
1	831,"user831"
1	832,"user832"
1	833,"user833"
1	834,"user834"
1	835,"user835"
1	836,"user836"
1	837,"user837"
1	838,"user838"
1	839,"user839"
1	840,"user840"
1	841,"user841"
1	842,"user842"
1	843,"user843"
1	844,"user844"
1	845,"user845"
1	846,"user846"
1	847,"user847"
1	848,"user848"
1	849,"user849"
1	850,"user850"
1	851,"user851"
1	852,"user852"
1	853,"user853"
1	854,"user854"
1	855,"user855"
1	856,"user856"
1	857,"user857"
1	858,"user858"
1	859,"user859"
1	860,"user860"
1	861,"user861"
1	862,"user862"
1	863,"user863"
1	864,"user864"
1	865,"user865"
1	866,"user866"
1	867,"user867"
1	868,"user868"
1	869,"user869"
1	870,"user870"
1	871,"user871"
1	872,"user872"
1	873,"user873"
1	874,"user874"
1	875,"user875"
1	876,"user876"
1	877,"user877"
1	878,"user878"
1	879,"user879"
1	880,"user880"
1	881,"user881"
1	882,"user882"
1	883,"user883"
1	884,"user884"
1	885,"user885"
1	886,"user886"
1	887,"user887"
1	888,"user888"
1	889,"user889"
1	890,"user890"
1	891,"user891"
1	892,"user892"
1	893,"user893"
1	894,"user894"
1	895,"user895"
1	896,"user896"
1	897,"user897"
1	898,"user898"
1	899,"user899"
1	900,"user900"
1	901,"user901"
1	902,"user902"
1	903,"user903"
1	904,"user904"
1	905,"user905"
1	906,"user906"
1	907,"user907"
1	908,"user908"
1	909,"user909"
1	910,"user910"
1	911,"user911"
1	912,"user912"
1	913,"user913"
1	914,"user914"
1	915,"user915"
1	916,"user916"
1	917,"user917"
1	918,"user918"
1	919,"user919"
1	920,"user920"
1	921,"user921"
1	922,"user922"
1	923,"user923"
1	924,"user924"
1	925,"user925"
1	926,"user926"
1	927,"user927"
1	928,"user928"
1	929,"user929"
1	930,"user930"
1	931,"user931"
1	932,"user932"
1	933,"user933"
1	934,"user934"
1	935,"user935"
1	936,"user936"
1	937,"user937"
1	938,"user938"
1	939,"user939"
1	940,"user940"
1	941,"user941"
1	942,"user942"
1	943,"user943"
1	944,"user944"
1	945,"user945"
1	946,"user946"
1	947,"user947"
1	948,"user948"
1	949,"user949"
1	950,"user950"
1	951,"user951"
1	952,"user952"
1	953,"user953"
1	954,"user954"
1	955,"user955"
1	956,"user956"
1	957,"user957"
1	958,"user958"
1	959,"user959"
1	960,"user960"
1	961,"user961"
1	962,"user962"
1	963,"user963"
1	964,"user964"
1	965,"user965"
1	966,"user966"
1	967,"user967"
1	968,"user968"
1	969,"user969"
1	970,"user970"
1	971,"user971"
1	972,"user972"
1	973,"user973"
1	974,"user974"
1	975,"user975"
1	976,"user976"
1	977,"user977"
1	978,"user978"
1	979,"user979"
1	980,"user980"
1	981,"user981"
1	982,"user982"
1	983,"user983"
1	984,"user984"
1	985,"user985"
1	986,"user986"
1	987,"user987"
1	988,"user988"
1	989,"user989"
1	990,"user990"
1	991,"user991"
1	992,"user992"
1	993,"user993"
1	994,"user994"
1	995,"user995"
1	996,"user996"
1	997,"user997"
1	998,"user998"
1	999,"user999"
1	1000,"user1000"
